c:\users\anastasia\source\repos\ui-health\ui-health\x64\debug\vc145.pdb
c:\users\anastasia\source\repos\ui-health\ui-health\x64\debug\.netframework,version=v4.7.2.assemblyattributes.obj
c:\users\anastasia\source\repos\ui-health\ui-health\x64\debug\usersetup.obj
c:\users\anastasia\source\repos\ui-health\ui-health\x64\debug\myform.obj
c:\users\anastasia\source\repos\ui-health\ui-health\x64\debug\nutritions.obj
c:\users\anastasia\source\repos\ui-health\ui-health\x64\debug\mealscontrol.obj
c:\users\anastasia\source\repos\ui-health\ui-health\x64\debug\main.obj
c:\users\anastasia\source\repos\ui-health\ui-health\x64\debug\excercisecontrol.obj
c:\users\anastasia\source\repos\ui-health\ui-health\x64\debug\dashboardcontrol.obj
c:\users\anastasia\source\repos\ui-health\ui-health\x64\debug\dairycontrol.obj
c:\users\anastasia\source\repos\ui-health\ui-health\x64\debug\addrecipemeals.obj
c:\users\anastasia\source\repos\ui-health\ui-health\x64\debug\addnewproductmeals.obj
c:\users\anastasia\source\repos\ui-health\ui-health\x64\debug\activity.obj
c:\users\anastasia\source\repos\ui-health\x64\debug\ui-health.exe
c:\users\anastasia\source\repos\ui-health\x64\debug\ui-health.pdb
c:\users\anastasia\source\repos\ui-health\ui-health\x64\debug\ui-health.tlog\cl.command.1.tlog
c:\users\anastasia\source\repos\ui-health\ui-health\x64\debug\ui-health.tlog\cl.items.tlog
c:\users\anastasia\source\repos\ui-health\ui-health\x64\debug\ui-health.tlog\cl.read.1.tlog
c:\users\anastasia\source\repos\ui-health\ui-health\x64\debug\ui-health.tlog\cl.write.1.tlog
c:\users\anastasia\source\repos\ui-health\ui-health\x64\debug\ui-health.tlog\link.command.1.tlog
c:\users\anastasia\source\repos\ui-health\ui-health\x64\debug\ui-health.tlog\link.read.1.tlog
c:\users\anastasia\source\repos\ui-health\ui-health\x64\debug\ui-health.tlog\link.secondary.1.tlog
c:\users\anastasia\source\repos\ui-health\ui-health\x64\debug\ui-health.tlog\link.write.1.tlog
c:\users\anastasia\source\repos\ui-health\ui-health\x64\debug\ui-health.tlog\metagen.read.1.tlog
c:\users\anastasia\source\repos\ui-health\ui-health\x64\debug\ui-health.tlog\metagen.write.1.tlog
c:\users\anastasia\source\repos\ui-health\ui-health\x64\debug\ui-health.tlog\resgen.command.1.tlog
c:\users\anastasia\source\repos\ui-health\ui-health\x64\debug\ui-health.tlog\resgen.read.1.tlog
c:\users\anastasia\source\repos\ui-health\ui-health\x64\debug\ui-health.tlog\resgen.write.1.tlog
